<?xml version="1.0" encoding="UTF-8"?>
<coverage generated="1611332482103" clover="3.2.0">
  <project timestamp="1611332482104" name="All files">
    <metrics statements="16" coveredstatements="11" conditionals="0" coveredconditionals="0" methods="9" coveredmethods="5" elements="25" coveredelements="16" complexity="0" loc="16" ncloc="16" packages="1" files="5" classes="5"/>
    <file name="Anasayfa.vue" path="C:\Users\Hüseyin\Desktop\nuxt-jest-sample-master\components\Anasayfa.vue">
      <metrics statements="1" coveredstatements="1" conditionals="0" coveredconditionals="0" methods="1" coveredmethods="1"/>
      <line num="115" count="5" type="stmt"/>
    </file>
    <file name="HaftaninFirsat.vue" path="C:\Users\Hüseyin\Desktop\nuxt-jest-sample-master\components\HaftaninFirsat.vue">
      <metrics statements="4" coveredstatements="4" conditionals="0" coveredconditionals="0" methods="2" coveredmethods="2"/>
      <line num="48" count="2" type="stmt"/>
      <line num="49" count="2" type="stmt"/>
      <line num="51" count="5" type="stmt"/>
      <line num="65" count="5" type="stmt"/>
    </file>
    <file name="Sizinicinsec.vue" path="C:\Users\Hüseyin\Desktop\nuxt-jest-sample-master\components\Sizinicinsec.vue">
      <metrics statements="3" coveredstatements="3" conditionals="0" coveredconditionals="0" methods="1" coveredmethods="1"/>
      <line num="46" count="1" type="stmt"/>
      <line num="47" count="1" type="stmt"/>
      <line num="56" count="3" type="stmt"/>
    </file>
    <file name="Slider.vue" path="C:\Users\Hüseyin\Desktop\nuxt-jest-sample-master\components\Slider.vue">
      <metrics statements="3" coveredstatements="3" conditionals="0" coveredconditionals="0" methods="1" coveredmethods="1"/>
      <line num="21" count="1" type="stmt"/>
      <line num="22" count="1" type="stmt"/>
      <line num="31" count="3" type="stmt"/>
    </file>
    <file name="Uyegir.vue" path="C:\Users\Hüseyin\Desktop\nuxt-jest-sample-master\components\Uyegir.vue">
      <metrics statements="5" coveredstatements="0" conditionals="0" coveredconditionals="0" methods="4" coveredmethods="0"/>
      <line num="55" count="0" type="stmt"/>
      <line num="57" count="0" type="stmt"/>
      <line num="65" count="0" type="stmt"/>
      <line num="71" count="0" type="stmt"/>
      <line num="78" count="0" type="stmt"/>
    </file>
  </project>
</coverage>
