{"C:\\Users\\Hüseyin\\Desktop\\nuxt-jest-sample-master\\components\\Anasayfa.vue": {"path":"C:\\Users\\Hüseyin\\Desktop\\nuxt-jest-sample-master\\components\\Anasayfa.vue","statementMap":{"0":{"start":{"line":115,"column":0},"end":{"line":115,"column":null}}},"fnMap":{"0":{"name":"(anonymous_1)","decl":{"start":{"line":115,"column":0},"end":{"line":115,"column":null}},"loc":{"start":{"line":115,"column":0},"end":{"line":115,"column":null}}}},"branchMap":{},"s":{"0":5},"f":{"0":5},"b":{}}
,"C:\\Users\\Hüseyin\\Desktop\\nuxt-jest-sample-master\\components\\HaftaninFirsat.vue": {"path":"C:\\Users\\Hüseyin\\Desktop\\nuxt-jest-sample-master\\components\\HaftaninFirsat.vue","statementMap":{"0":{"start":{"line":48,"column":0},"end":{"line":48,"column":null}},"1":{"start":{"line":49,"column":0},"end":{"line":49,"column":null}},"2":{"start":{"line":51,"column":0},"end":{"line":51,"column":null}},"3":{"start":{"line":65,"column":0},"end":{"line":65,"column":null}}},"fnMap":{"0":{"name":"(anonymous_1)","decl":{"start":{"line":51,"column":0},"end":{"line":51,"column":null}},"loc":{"start":{"line":51,"column":0},"end":{"line":51,"column":null}}},"1":{"name":"(anonymous_2)","decl":{"start":{"line":64,"column":0},"end":{"line":64,"column":null}},"loc":{"start":{"line":64,"column":0},"end":{"line":66,"column":null}}}},"branchMap":{},"s":{"0":2,"1":2,"2":5,"3":5},"f":{"0":5,"1":5},"b":{}}
,"C:\\Users\\Hüseyin\\Desktop\\nuxt-jest-sample-master\\components\\Sizinicinsec.vue": {"path":"C:\\Users\\Hüseyin\\Desktop\\nuxt-jest-sample-master\\components\\Sizinicinsec.vue","statementMap":{"0":{"start":{"line":46,"column":0},"end":{"line":46,"column":null}},"1":{"start":{"line":47,"column":0},"end":{"line":47,"column":null}},"2":{"start":{"line":56,"column":0},"end":{"line":56,"column":null}}},"fnMap":{"0":{"name":"(anonymous_1)","decl":{"start":{"line":55,"column":0},"end":{"line":55,"column":null}},"loc":{"start":{"line":55,"column":0},"end":{"line":57,"column":null}}}},"branchMap":{},"s":{"0":1,"1":1,"2":3},"f":{"0":3},"b":{}}
,"C:\\Users\\Hüseyin\\Desktop\\nuxt-jest-sample-master\\components\\Slider.vue": {"path":"C:\\Users\\Hüseyin\\Desktop\\nuxt-jest-sample-master\\components\\Slider.vue","statementMap":{"0":{"start":{"line":21,"column":0},"end":{"line":21,"column":null}},"1":{"start":{"line":22,"column":0},"end":{"line":22,"column":null}},"2":{"start":{"line":31,"column":0},"end":{"line":31,"column":null}}},"fnMap":{"0":{"name":"(anonymous_1)","decl":{"start":{"line":30,"column":0},"end":{"line":30,"column":null}},"loc":{"start":{"line":30,"column":0},"end":{"line":32,"column":null}}}},"branchMap":{},"s":{"0":1,"1":1,"2":3},"f":{"0":3},"b":{}}
,"C:\\Users\\Hüseyin\\Desktop\\nuxt-jest-sample-master\\components\\Uyegir.vue": {"path":"C:\\Users\\Hüseyin\\Desktop\\nuxt-jest-sample-master\\components\\Uyegir.vue","statementMap":{"0":{"start":{"line":55,"column":0},"end":{"line":55,"column":null}},"1":{"start":{"line":57,"column":0},"end":{"line":57,"column":null}},"2":{"start":{"line":65,"column":0},"end":{"line":65,"column":null}},"3":{"start":{"line":71,"column":0},"end":{"line":71,"column":null}},"4":{"start":{"line":78,"column":0},"end":{"line":78,"column":null}}},"fnMap":{"0":{"name":"(anonymous_1)","decl":{"start":{"line":57,"column":0},"end":{"line":57,"column":null}},"loc":{"start":{"line":57,"column":0},"end":{"line":57,"column":null}}},"1":{"name":"(anonymous_2)","decl":{"start":{"line":64,"column":0},"end":{"line":64,"column":null}},"loc":{"start":{"line":64,"column":0},"end":{"line":69,"column":null}}},"2":{"name":"(anonymous_3)","decl":{"start":{"line":70,"column":0},"end":{"line":70,"column":null}},"loc":{"start":{"line":70,"column":0},"end":{"line":72,"column":null}}},"3":{"name":"(anonymous_4)","decl":{"start":{"line":77,"column":0},"end":{"line":77,"column":null}},"loc":{"start":{"line":77,"column":0},"end":{"line":79,"column":null}}}},"branchMap":{},"s":{"0":0,"1":0,"2":0,"3":0,"4":0},"f":{"0":0,"1":0,"2":0,"3":0},"b":{}}
}
