TN:
SF:C:\Users\Hüseyin\Desktop\nuxt-jest-sample-master\components\Anasayfa.vue
FN:115,(anonymous_1)
FNF:1
FNH:1
FNDA:5,(anonymous_1)
DA:115,5
LF:1
LH:1
BRF:0
BRH:0
end_of_record
TN:
SF:C:\Users\Hüseyin\Desktop\nuxt-jest-sample-master\components\HaftaninFirsat.vue
FN:51,(anonymous_1)
FN:64,(anonymous_2)
FNF:2
FNH:2
FNDA:5,(anonymous_1)
FNDA:5,(anonymous_2)
DA:48,2
DA:49,2
DA:51,5
DA:65,5
LF:4
LH:4
BRF:0
BRH:0
end_of_record
TN:
SF:C:\Users\Hüseyin\Desktop\nuxt-jest-sample-master\components\Sizinicinsec.vue
FN:55,(anonymous_1)
FNF:1
FNH:1
FNDA:3,(anonymous_1)
DA:46,1
DA:47,1
DA:56,3
LF:3
LH:3
BRF:0
BRH:0
end_of_record
TN:
SF:C:\Users\Hüseyin\Desktop\nuxt-jest-sample-master\components\Slider.vue
FN:30,(anonymous_1)
FNF:1
FNH:1
FNDA:3,(anonymous_1)
DA:21,1
DA:22,1
DA:31,3
LF:3
LH:3
BRF:0
BRH:0
end_of_record
TN:
SF:C:\Users\Hüseyin\Desktop\nuxt-jest-sample-master\components\Uyegir.vue
FN:57,(anonymous_1)
FN:64,(anonymous_2)
FN:70,(anonymous_3)
FN:77,(anonymous_4)
FNF:4
FNH:0
FNDA:0,(anonymous_1)
FNDA:0,(anonymous_2)
FNDA:0,(anonymous_3)
FNDA:0,(anonymous_4)
DA:55,0
DA:57,0
DA:65,0
DA:71,0
DA:78,0
LF:5
LH:0
BRF:0
BRH:0
end_of_record
